<?xml version="1.0" encoding="UTF-8"?>
<!-- Generated by org.testng.reporters.JUnitXMLReporter -->
<testsuite hostname="LAPTOP-4JBM1Q4B" ignored="2" name="Default test" tests="1" failures="0" timestamp="21 Sep 2023 11:47:58 GMT" time="28.536" errors="0">
  <testcase name="validateNotificationInProjectManagerCredential" time="28.503" classname="org.login.ExecutionClass"/>
  <testcase name="method1" time="0.0" classname="org.login.ExecutionClass">
    <ignored/>
  </testcase> <!-- method1 -->
  <testcase name="method2" time="0.0" classname="org.login.ExecutionClass">
    <ignored/>
  </testcase> <!-- method2 -->
</testsuite> <!-- Default test -->
