<?xml version="1.0" encoding="UTF-8"?>
<testng-results skipped="0" failed="0" ignored="2" total="3" passed="1">
  <reporter-output>
  </reporter-output>
  <suite name="Default suite" duration-ms="28536" started-at="2023-09-21T11:47:29Z" finished-at="2023-09-21T11:47:58Z">
    <groups>
    </groups>
    <test name="Default test" duration-ms="28536" started-at="2023-09-21T11:47:29Z" finished-at="2023-09-21T11:47:58Z">
      <class name="org.login.ExecutionClass">
        <test-method status="PASS" signature="validateNotificationInProjectManagerCredential()[pri:0, instance:org.login.ExecutionClass@4e91d63f]" name="validateNotificationInProjectManagerCredential" duration-ms="28503" started-at="2023-09-21T11:47:29Z" finished-at="2023-09-21T11:47:58Z">
          <reporter-output>
          </reporter-output>
        </test-method> <!-- validateNotificationInProjectManagerCredential -->
      </class> <!-- org.login.ExecutionClass -->
    </test> <!-- Default test -->
  </suite> <!-- Default suite -->
</testng-results>
